<?xml version="1.0" encoding="UTF-8"?>
<!-- Generated by org.testng.reporters.JUnitXMLReporter -->
<testsuite hostname="LAPTOP-J985O40L" ignored="0" name="Test2" tests="2" failures="0" timestamp="2019-09-12T20:57:43 BOT" time="0.061" errors="0">
  <testcase name="@BeforeMethod beforeMethod" time="-1.56833626356E9" classname="appium.java.aulas.MultDevices">
    <failure type="org.testng.TestNGException" message="
Method beforeMethod requires 4 parameters but 3 were supplied in the BeforeMethod annotation.">
      <![CDATA[org.testng.TestNGException: 
Method beforeMethod requires 4 parameters but 3 were supplied in the BeforeMethod annotation.
at java.util.ArrayList.forEach(Unknown Source)
at java.util.concurrent.FutureTask.run(Unknown Source)
at java.util.concurrent.ThreadPoolExecutor.runWorker(Unknown Source)
at java.util.concurrent.ThreadPoolExecutor$Worker.run(Unknown Source)
at java.lang.Thread.run(Unknown Source)
... Removed 19 stack frames]]>
    </failure>
  </testcase> <!-- @BeforeMethod beforeMethod -->
  <testcase name="criarEventoTest" time="0.0" classname="appium.java.aulas.MultDevices">
    <skipped/>
  </testcase> <!-- criarEventoTest -->
  <testcase name="criarEventoTest" time="0.0" classname="appium.java.aulas.MultDevices">
    <skipped/>
  </testcase> <!-- criarEventoTest -->
</testsuite> <!-- Test2 -->
